#-----------------------------------------------------------
# Vivado v2018.3 (64-bit)
# SW Build 2405991 on Thu Dec  6 23:38:27 MST 2018
# IP Build 2404404 on Fri Dec  7 01:43:56 MST 2018
# Start of session at: Thu Jul 22 19:16:39 2021
# Process ID: 15556
# Current directory: C:/Xilinx/Projects/Project_Reisis_2021_1
# Command line: vivado.exe -gui_launcher_event rodinguilauncherevent17708 C:\Xilinx\Projects\Project_Reisis_2021_1\Project_Reisis_2021_1.xpr
# Log file: C:/Xilinx/Projects/Project_Reisis_2021_1/vivado.log
# Journal file: C:/Xilinx/Projects/Project_Reisis_2021_1\vivado.jou
#-----------------------------------------------------------
start_gui
open_project C:/Xilinx/Projects/Project_Reisis_2021_1/Project_Reisis_2021_1.xpr
Scanning sources...
Finished scanning sources
INFO: [IP_Flow 19-234] Refreshing IP repositories
INFO: [IP_Flow 19-1704] No user IP repositories specified
INFO: [IP_Flow 19-2313] Loaded Vivado IP repository 'C:/Xilinx/Vivado/2018.3/data/ip'.
open_project: Time (s): cpu = 00:00:11 ; elapsed = 00:00:06 . Memory (MB): peak = 695.320 ; gain = 88.461
update_compile_order -fileset sources_1
exit
INFO: [Common 17-206] Exiting Vivado at Thu Jul 22 19:17:43 2021...
