Vivado Simulator 2018.3
Copyright 1986-1999, 2001-2018 Xilinx, Inc. All Rights Reserved.
Running: C:/Xilinx/Vivado/2018.3/bin/unwrapped/win64.o/xelab.exe -wto ac3bd8172f9c40cf91aca126cc97bfa3 --incr --debug typical --relax --mt 2 -L xil_defaultlib -L secureip --snapshot NETWORK_TOP_tb_behav xil_defaultlib.NETWORK_TOP_tb -log elaborate.log 
Using 2 slave threads.
Starting static elaboration
Completed static elaboration
Starting simulation data flow analysis
Completed simulation data flow analysis
Time Resolution for simulation is 1ps
Compiling package std.standard
Compiling package std.textio
Compiling package ieee.std_logic_1164
Compiling package ieee.numeric_std
Compiling architecture behavioral of entity xil_defaultlib.COMP [comp_default]
Compiling architecture behavioral of entity xil_defaultlib.WE_REG [we_reg_default]
Compiling architecture behavioral of entity xil_defaultlib.MUX [mux_default]
Compiling architecture behavioral of entity xil_defaultlib.Counter [counter_default]
Compiling architecture behavioral of entity xil_defaultlib.FSM [fsm_default]
Compiling architecture structural of entity xil_defaultlib.PE [pe_default]
Compiling architecture structural of entity xil_defaultlib.NETWORK_TOP [network_top_default]
Compiling architecture bench of entity xil_defaultlib.network_top_tb
Built simulation snapshot NETWORK_TOP_tb_behav
